04/23/16 10:46:47 PM - Building message catalogs...
04/23/16 10:46:47 PM - Building Linux x86 64 install...  
04/23/16 10:46:47 PM - Building main.tcl...
04/23/16 10:46:47 PM - Refreshing file groups...
04/23/16 10:46:47 PM - Getting file list...
04/23/16 10:46:48 PM - Building file manifest...
04/23/16 10:46:48 PM - Saving install information...
04/23/16 10:46:48 PM - Building install...
04/23/16 10:46:48 PM - Building install executable...
04/23/16 10:46:49 PM - Linux x86 64 build completed in 00m02s.
04/23/16 10:46:49 PM - Installer size is 1.67 MB.
04/23/16 10:46:49 PM - Build completed in 00m02s.
04/24/16 04:48:04 AM - Building message catalogs...
04/24/16 04:48:04 AM - Building Linux x86 64 install...  
04/24/16 04:48:04 AM - Building main.tcl...
04/24/16 04:48:04 AM - Refreshing file groups...
04/24/16 04:48:05 AM - Getting file list...
04/24/16 04:48:05 AM - Building file manifest...
04/24/16 04:48:05 AM - Saving install information...
04/24/16 04:48:05 AM - Building install...
04/24/16 04:48:06 AM - Building install executable...
04/24/16 04:48:06 AM - Linux x86 64 build completed in 00m02s.
04/24/16 04:48:06 AM - Installer size is 3.21 MB.
04/24/16 04:48:06 AM - Build completed in 00m02s.
